Iteration	Posterior	Likelihood	Prior	lambda	rate[1]	rate[2]	tr[1]	tr[2]	word_rate_mult[1]	word_rate_mult[2]	word_rate_mult[3]	word_rate_mult[4]	word_rate_mult[5]	word_rate_mult[6]	word_rate_mult[7]	word_rate_mult[8]	word_rate_mult[9]	word_rate_mult[10]	word_rate_mult[11]
0	-1057.204	-1067.964	10.76003	0.01993041	0.99145	0.00854993	0.5	0.5	0.861799	0.701194	1.14364	1.39174	0.587238	0.225616	0.292159	0.714614	1.66162	0.957649	2.46274
5	-699.2626	-675.0086	-24.25406	0.01273309	0.946262	0.0537377	0.5	0.5	0.0163418	0.0132963	0.0216861	10.6418	0.0111354	0.00427823	0.00554003	0.0135508	0.207507	0.0181593	0.0466994
10	-672.9412	-646.2019	-26.7393	0.01480959	0.979889	0.0201109	0.5	0.5	0.0166289	0.0135299	0.0220671	10.8288	0.0113311	0.0043534	0.00563737	0.0137889	0.0178748	0.0184784	0.04752
15	-667.0272	-639.7162	-27.31096	0.02052618	0.961754	0.0382463	0.5	0.5	0.0166289	0.0135299	0.0220671	10.8288	0.0113311	0.0043534	0.00563737	0.0137889	0.0178748	0.0184784	0.04752
20	-673.4576	-646.6854	-26.7722	0.01513863	0.97329	0.0267103	0.5	0.5	0.0166289	0.0135299	0.0220671	10.8288	0.0113311	0.0043534	0.00563737	0.0137889	0.0178748	0.0184784	0.04752
25	-671.7852	-645.6231	-26.16213	0.01387591	0.959476	0.0405239	0.5	0.5	0.0166116	0.0135159	0.0220442	10.8175	0.0113193	0.00434887	0.00563151	0.0137745	0.0293004	0.0184592	0.0474706
30	-671.8138	-645.5943	-26.21952	0.01444983	0.973931	0.0260693	0.5	0.5	0.0166116	0.0135159	0.0220442	10.8175	0.0113193	0.00434887	0.00563151	0.0137745	0.0293004	0.0184592	0.0474706
35	-671.0965	-644.7848	-26.31167	0.01537132	0.969791	0.0302089	0.5	0.5	0.0166116	0.0135159	0.0220442	10.8175	0.0113193	0.00434887	0.00563151	0.0137745	0.0293004	0.0184592	0.0474706
40	-671.555	-644.7914	-26.76364	0.01989099	0.955663	0.0443366	0.5	0.5	0.0166116	0.0135159	0.0220442	10.8175	0.0113193	0.00434887	0.00563151	0.0137745	0.0293004	0.0184592	0.0474706
45	-678.6244	-652.2572	-26.36724	0.01592701	0.977034	0.0229661	0.5	0.5	0.0166116	0.0135159	0.0220442	10.8175	0.0113193	0.00434887	0.00563151	0.0137745	0.0293004	0.0184592	0.0474706
50	-684.4574	-662.1062	-22.35119	0.01611846	0.968499	0.0315005	0.5	0.5	0.0140481	0.0114301	0.0186423	9.14815	0.00957249	0.00367774	1.7023	0.0116488	0.0247788	0.0156105	0.0401448
55	-680.4392	-657.7788	-22.66042	0.01794108	0.964782	0.0352182	0.5	0.5	0.0160055	0.0130227	0.0212398	10.4228	0.0109063	0.00419019	0.406793	0.0132719	0.0282313	0.0177856	0.0457385
60	-674.7301	-652.1814	-22.54872	0.01255372	0.972628	0.0273723	0.5	0.5	0.0162823	0.0132479	0.0216071	10.6031	0.0110949	0.00426265	0.223587	0.0135015	0.0287196	0.0180932	0.0465295
65	-674.7411	-651.9257	-22.81538	0.0152203	0.978379	0.0216214	0.5	0.5	0.0162823	0.0132479	0.0216071	10.6031	0.0110949	0.00426265	0.223587	0.0135015	0.0287196	0.0180932	0.0465295
70	-668.3381	-645.0879	-23.25019	0.01956842	0.98535	0.0146502	0.5	0.5	0.0162823	0.0132479	0.0216071	10.6031	0.0110949	0.00426265	0.223587	0.0135015	0.0287196	0.0180932	0.0465295
75	-667.6986	-645.29	-22.40861	0.0111526	0.973318	0.026682	0.5	0.5	0.0162823	0.0132479	0.0216071	10.6031	0.0110949	0.00426265	0.223587	0.0135015	0.0287196	0.0180932	0.0465295
80	-679.1659	-656.8688	-22.29705	0.01003705	0.977779	0.0222208	0.5	0.5	0.0162823	0.0132479	0.0216071	10.6031	0.0110949	0.00426265	0.223587	0.0135015	0.0287196	0.0180932	0.0465295
85	-670.047	-647.3002	-22.74687	0.01453522	0.973563	0.0264373	0.5	0.5	0.0162823	0.0132479	0.0216071	10.6031	0.0110949	0.00426265	0.223587	0.0135015	0.0287196	0.0180932	0.0465295
90	-677.8805	-655.2196	-22.66095	0.01740776	0.97369	0.0263096	0.5	0.5	0.0169038	0.0137536	0.0224319	10.5879	0.0115184	0.00442536	0.232122	0.0140168	0.0298158	0.0187839	0.0483056
95	-667.6418	-644.0519	-23.58982	0.01740776	0.972614	0.0273858	0.5	0.5	0.0169497	0.013791	0.0224928	10.6167	0.0115497	0.00443738	0.232752	0.0140549	0.0298968	0.0188349	0.0185703
100	-665.3269	-641.4397	-23.88723	0.02038191	0.974971	0.0250287	0.5	0.5	0.0169497	0.013791	0.0224928	10.6167	0.0115497	0.00443738	0.232752	0.0140549	0.0298968	0.0188349	0.0185703
105	-673.9831	-650.2149	-23.76818	0.01919137	0.972205	0.0277946	0.5	0.5	0.0169497	0.013791	0.0224928	10.6167	0.0115497	0.00443738	0.232752	0.0140549	0.0298968	0.0188349	0.0185703
110	-672.3014	-648.5063	-23.79509	0.01946053	0.981679	0.0183208	0.5	0.5	0.0169497	0.013791	0.0224928	10.6167	0.0115497	0.00443738	0.232752	0.0140549	0.0298968	0.0188349	0.0185703
115	-666.7056	-648.9934	-17.71222	0.01363119	0.978216	0.0217835	0.5	0.5	0.0294574	0.0239677	0.0390909	10.3338	0.0200725	0.00771185	0.404507	0.0244264	0.0519585	0.0327337	0.0322739
120	-664.7667	-647.467	-17.29968	0.009505759	0.973653	0.0263473	0.5	0.5	0.0294574	0.0239677	0.0390909	10.3338	0.0200725	0.00771185	0.404507	0.0244264	0.0519585	0.0327337	0.0322739
125	-661.3397	-644.0237	-17.31594	0.009668367	0.971177	0.028823	0.5	0.5	0.0294574	0.0239677	0.0390909	10.3338	0.0200725	0.00771185	0.404507	0.0244264	0.0519585	0.0327337	0.0322739
130	-656.1337	-636.8561	-19.27761	0.009668367	0.983444	0.0165556	0.5	0.5	0.0304691	0.0247909	0.0404336	10.6887	0.020762	0.00797673	0.0405805	0.0252654	0.0537431	0.033858	0.0333824
135	-647.5103	-628.1452	-19.36502	0.01054248	0.958119	0.0418809	0.5	0.5	0.0304691	0.0247909	0.0404336	10.6887	0.020762	0.00797673	0.0405805	0.0252654	0.0537431	0.033858	0.0333824
140	-647.8487	-628.4458	-19.40286	0.01092083	0.964908	0.0350925	0.5	0.5	0.0304691	0.0247909	0.0404336	10.6887	0.020762	0.00797673	0.0405805	0.0252654	0.0537431	0.033858	0.0333824
145	-657.4316	-638.0287	-19.40286	0.01092083	0.954685	0.045315	0.5	0.5	0.0304691	0.0247909	0.0404336	10.6887	0.020762	0.00797673	0.0405805	0.0252654	0.0537431	0.033858	0.0333824
150	-650.8009	-631.4673	-19.33358	0.01022808	0.963256	0.0367441	0.5	0.5	0.0304691	0.0247909	0.0404336	10.6887	0.020762	0.00797673	0.0405805	0.0252654	0.0537431	0.033858	0.0333824
155	-647.569	-628.2355	-19.33358	0.01022808	0.971712	0.028288	0.5	0.5	0.0304691	0.0247909	0.0404336	10.6887	0.020762	0.00797673	0.0405805	0.0252654	0.0537431	0.033858	0.0333824
160	-655.8978	-636.3161	-19.58175	0.009149198	0.97505	0.0249505	0.5	0.5	0.0294004	0.0239213	0.0390153	10.6997	0.0200337	0.00769693	0.0391571	0.0243791	0.051858	0.0326703	0.0322115
165	-671.256	-650.91	-20.34598	0.01679151	0.984906	0.0150935	0.5	0.5	0.0294004	0.0239213	0.0390153	10.6997	0.0200337	0.00769693	0.0391571	0.0243791	0.051858	0.0326703	0.0322115
170	-650.5646	-630.7924	-19.7722	0.01105371	0.958657	0.0413427	0.5	0.5	0.0294004	0.0239213	0.0390153	10.6997	0.0200337	0.00769693	0.0391571	0.0243791	0.051858	0.0326703	0.0322115
175	-657.9089	-638.3335	-19.57534	0.00908513	0.957218	0.0427817	0.5	0.5	0.0294004	0.0239213	0.0390153	10.6997	0.0200337	0.00769693	0.0391571	0.0243791	0.051858	0.0326703	0.0322115
180	-654.0563	-633.895	-20.16135	0.01494521	0.96118	0.0388199	0.5	0.5	0.0294004	0.0239213	0.0390153	10.6997	0.0200337	0.00769693	0.0391571	0.0243791	0.051858	0.0326703	0.0322115
185	-646.3173	-625.6592	-20.65805	0.009803025	0.970382	0.029618	0.5	0.5	0.0294905	0.0239946	0.0391349	10.7325	0.0200951	0.00772052	0.0392771	0.0244539	0.0183016	0.0327705	0.0323102
190	-653.5099	-632.9735	-20.53643	0.008586877	0.96604	0.0339598	0.5	0.5	0.0294905	0.0239946	0.0391349	10.7325	0.0200951	0.00772052	0.0392771	0.0244539	0.0183016	0.0327705	0.0323102
195	-661.3528	-640.28	-21.07287	0.01395128	0.963496	0.0365037	0.5	0.5	0.0294905	0.0239946	0.0391349	10.7325	0.0200951	0.00772052	0.0392771	0.0244539	0.0183016	0.0327705	0.0323102
200	-661.2689	-640.196	-21.07287	0.01395128	0.970566	0.0294345	0.5	0.5	0.0294905	0.0239946	0.0391349	10.7325	0.0200951	0.00772052	0.0392771	0.0244539	0.0183016	0.0327705	0.0323102
205	-658.984	-637.81	-21.17399	0.01496239	0.956218	0.0437818	0.5	0.5	0.0294905	0.0239946	0.0391349	10.7325	0.0200951	0.00772052	0.0392771	0.0244539	0.0183016	0.0327705	0.0323102
210	-659.3396	-638.137	-21.20255	0.01524805	0.96858	0.0314204	0.5	0.5	0.0294905	0.0239946	0.0391349	10.7325	0.0200951	0.00772052	0.0392771	0.0244539	0.0183016	0.0327705	0.0323102
215	-655.1225	-634.1473	-20.97517	0.01297423	0.955787	0.0442131	0.5	0.5	0.0294905	0.0239946	0.0391349	10.7325	0.0200951	0.00772052	0.0392771	0.0244539	0.0183016	0.0327705	0.0323102
220	-652.9419	-632.7256	-20.21625	0.01035447	0.966761	0.0332391	0.5	0.5	0.029458	0.0239682	0.0390917	10.7206	0.0200729	0.00771201	0.0392338	0.0244269	0.030416	0.0327343	0.0322746
225	-653.1285	-632.9122	-20.21625	0.01035447	0.962641	0.0373587	0.5	0.5	0.029458	0.0239682	0.0390917	10.7206	0.0200729	0.00771201	0.0392338	0.0244269	0.030416	0.0327343	0.0322746
230	-649.8266	-629.6103	-20.21625	0.01035447	0.9677	0.0323002	0.5	0.5	0.029458	0.0239682	0.0390917	10.7206	0.0200729	0.00771201	0.0392338	0.0244269	0.030416	0.0327343	0.0322746
235	-650.1571	-629.8653	-20.2918	0.01110999	0.969593	0.0304067	0.5	0.5	0.029458	0.0239682	0.0390917	10.7206	0.0200729	0.00771201	0.0392338	0.0244269	0.030416	0.0327343	0.0322746
240	-660.9926	-640.9147	-20.07787	0.008970702	0.952571	0.0474287	0.5	0.5	0.029458	0.0239682	0.0390917	10.7206	0.0200729	0.00771201	0.0392338	0.0244269	0.030416	0.0327343	0.0322746
245	-651.0035	-631.2781	-19.72543	0.01110682	0.972611	0.0273887	0.5	0.5	0.029379	0.023904	0.038987	10.6919	0.0200192	0.00769135	0.0672378	0.0257178	0.0303345	0.0326466	0.0321881
250	-648.1527	-628.1293	-20.02335	0.01088747	0.974457	0.0255435	0.5	0.5	0.0294308	0.0239461	0.0390557	10.7107	0.0200544	0.0077049	0.0479799	0.0257631	0.030388	0.0327041	0.0322448
255	-655.2418	-635.2675	-19.97434	0.01039739	0.96854	0.03146	0.5	0.5	0.0294308	0.0239461	0.0390557	10.7107	0.0200544	0.0077049	0.0479799	0.0257631	0.030388	0.0327041	0.0322448
260	-655.5362	-635.8009	-19.7353	0.008006989	0.9508	0.0492	0.5	0.5	0.0294308	0.0239461	0.0390557	10.7107	0.0200544	0.0077049	0.0479799	0.0257631	0.030388	0.0327041	0.0322448
265	-657.9515	-638.2162	-19.7353	0.008006989	0.962904	0.0370964	0.5	0.5	0.0294308	0.0239461	0.0390557	10.7107	0.0200544	0.0077049	0.0479799	0.0257631	0.030388	0.0327041	0.0322448
270	-656.5983	-636.4959	-20.10238	0.01062362	0.96359	0.0364096	0.5	0.5	0.0291213	0.0236943	0.038645	10.7138	0.0198436	0.00762388	0.0474754	0.0254922	0.0300685	0.0323603	0.0319058
275	-651.0647	-630.7369	-20.3278	0.01287785	0.960738	0.0392616	0.5	0.5	0.0291213	0.0236943	0.038645	10.7138	0.0198436	0.00762388	0.0474754	0.0254922	0.0300685	0.0323603	0.0319058
280	-650.2485	-629.9207	-20.3278	0.01287785	0.964987	0.0350131	0.5	0.5	0.0291213	0.0236943	0.038645	10.7138	0.0198436	0.00762388	0.0474754	0.0254922	0.0300685	0.0323603	0.0319058
285	-652.6847	-632.5103	-20.17443	0.01134412	0.956931	0.0430693	0.5	0.5	0.0291213	0.0236943	0.038645	10.7138	0.0198436	0.00762388	0.0474754	0.0254922	0.0300685	0.0323603	0.0319058
290	-661.2318	-641.0521	-20.17977	0.01139752	0.920162	0.0798381	0.5	0.5	0.0291213	0.0236943	0.038645	10.7138	0.0198436	0.00762388	0.0474754	0.0254922	0.0300685	0.0323603	0.0319058
295	-657.0227	-636.7565	-20.26614	0.01226119	0.969064	0.0309358	0.5	0.5	0.0291213	0.0236943	0.038645	10.7138	0.0198436	0.00762388	0.0474754	0.0254922	0.0300685	0.0323603	0.0319058
300	-660.8904	-640.8137	-20.07667	0.01036652	0.961073	0.0389275	0.5	0.5	0.0291213	0.0236943	0.038645	10.7138	0.0198436	0.00762388	0.0474754	0.0254922	0.0300685	0.0323603	0.0319058
305	-656.0974	-636.6515	-19.44585	0.00831705	0.969231	0.0307687	0.5	0.5	0.0290771	0.0236583	0.0385863	10.6975	0.0198134	0.0076123	0.0474032	0.0254535	0.0467381	0.0323111	0.0318573
310	-645.9612	-626.3096	-19.65152	0.01037378	0.962777	0.0372234	0.5	0.5	0.0290771	0.0236583	0.0385863	10.6975	0.0198134	0.0076123	0.0474032	0.0254535	0.0467381	0.0323111	0.0318573
315	-655.8141	-636.1626	-19.65152	0.01037378	0.963948	0.0360522	0.5	0.5	0.0290771	0.0236583	0.0385863	10.6975	0.0198134	0.0076123	0.0474032	0.0254535	0.0467381	0.0323111	0.0318573
320	-654.2163	-634.5648	-19.65152	0.01037378	0.943854	0.0561463	0.5	0.5	0.0290771	0.0236583	0.0385863	10.6975	0.0198134	0.0076123	0.0474032	0.0254535	0.0467381	0.0323111	0.0318573
325	-649.0364	-629.166	-19.87036	0.01256217	0.958261	0.0417389	0.5	0.5	0.0290771	0.0236583	0.0385863	10.6975	0.0198134	0.0076123	0.0474032	0.0254535	0.0467381	0.0323111	0.0318573
330	-661.877	-641.79	-20.08693	0.0147279	0.967472	0.0325278	0.5	0.5	0.0290771	0.0236583	0.0385863	10.6975	0.0198134	0.0076123	0.0474032	0.0254535	0.0467381	0.0323111	0.0318573
335	-658.8325	-639.272	-19.56051	0.009291809	0.98094	0.0190604	0.5	0.5	0.0290793	0.0236601	0.0385892	10.6983	0.0198149	0.00761287	0.0474068	0.0254554	0.0459067	0.0323135	0.0318597
340	-648.873	-629.47	-19.40306	0.007717291	0.972251	0.027749	0.5	0.5	0.0290793	0.0236601	0.0385892	10.6983	0.0198149	0.00761287	0.0474068	0.0254554	0.0459067	0.0323135	0.0318597
345	-654.8636	-635.0479	-19.81569	0.01184359	0.968849	0.0311509	0.5	0.5	0.0290793	0.0236601	0.0385892	10.6983	0.0198149	0.00761287	0.0474068	0.0254554	0.0459067	0.0323135	0.0318597
350	-657.0857	-637.6667	-19.41902	0.007876876	0.956323	0.0436766	0.5	0.5	0.0290793	0.0236601	0.0385892	10.6983	0.0198149	0.00761287	0.0474068	0.0254554	0.0459067	0.0323135	0.0318597
355	-653.3133	-633.6587	-19.65469	0.01023357	0.974685	0.0253146	0.5	0.5	0.0290793	0.0236601	0.0385892	10.6983	0.0198149	0.00761287	0.0474068	0.0254554	0.0459067	0.0323135	0.0318597
360	-653.0974	-633.621	-19.47646	0.008474121	0.973805	0.026195	0.5	0.5	0.029079	0.0236598	0.0385888	10.6982	0.0198147	0.0076128	0.0475199	0.0254552	0.0459063	0.0323132	0.0318594
365	-652.6277	-633.0855	-19.5422	0.009131456	0.960818	0.0391822	0.5	0.5	0.029079	0.0236598	0.0385888	10.6982	0.0198147	0.0076128	0.0475199	0.0254552	0.0459063	0.0323132	0.0318594
370	-657.2741	-637.859	-19.41517	0.007861183	0.978211	0.0217887	0.5	0.5	0.029079	0.0236598	0.0385888	10.6982	0.0198147	0.0076128	0.0475199	0.0254552	0.0459063	0.0323132	0.0318594
375	-660.9571	-641.1035	-19.85361	0.01224557	0.964681	0.0353192	0.5	0.5	0.029079	0.0236598	0.0385888	10.6982	0.0198147	0.0076128	0.0475199	0.0254552	0.0459063	0.0323132	0.0318594
380	-649.1224	-629.5141	-19.60821	0.009791572	0.967313	0.0326868	0.5	0.5	0.029079	0.0236598	0.0385888	10.6982	0.0198147	0.0076128	0.0475199	0.0254552	0.0459063	0.0323132	0.0318594
385	-649.4714	-629.5846	-19.88687	0.0125782	0.958144	0.0418561	0.5	0.5	0.029079	0.0236598	0.0385888	10.6982	0.0198147	0.0076128	0.0475199	0.0254552	0.0459063	0.0323132	0.0318594
390	-652.7377	-632.8508	-19.88687	0.0125782	0.975045	0.0249554	0.5	0.5	0.029079	0.0236598	0.0385888	10.6982	0.0198147	0.0076128	0.0475199	0.0254552	0.0459063	0.0323132	0.0318594
395	-661.4835	-641.2538	-20.22974	0.01600685	0.988808	0.0111916	0.5	0.5	0.029079	0.0236598	0.0385888	10.6982	0.0198147	0.0076128	0.0475199	0.0254552	0.0459063	0.0323132	0.0318594
400	-654.6755	-634.895	-19.78051	0.01151461	0.958909	0.0410906	0.5	0.5	0.029079	0.0236598	0.0385888	10.6982	0.0198147	0.0076128	0.0475199	0.0254552	0.0459063	0.0323132	0.0318594
405	-649.3729	-629.5123	-19.8606	0.01231553	0.979571	0.0204294	0.5	0.5	0.029079	0.0236598	0.0385888	10.6982	0.0198147	0.0076128	0.0475199	0.0254552	0.0459063	0.0323132	0.0318594
410	-644.2545	-624.6893	-19.56525	0.009361976	0.975653	0.0243474	0.5	0.5	0.029079	0.0236598	0.0385888	10.6982	0.0198147	0.0076128	0.0475199	0.0254552	0.0459063	0.0323132	0.0318594
415	-646.8499	-627.2382	-19.61167	0.009826184	0.97076	0.0292402	0.5	0.5	0.029079	0.0236598	0.0385888	10.6982	0.0198147	0.0076128	0.0475199	0.0254552	0.0459063	0.0323132	0.0318594
420	-652.8204	-633.3148	-19.50561	0.009826184	0.966626	0.0333745	0.5	0.5	0.0290692	0.0236519	0.0385759	10.6946	0.0198081	0.00761024	0.047504	0.0254466	0.0458908	0.0323023	0.0355433
425	-645.1471	-625.7077	-19.43943	0.01005667	0.970238	0.0297619	0.5	0.5	0.0290628	0.0236466	0.0385673	10.6922	0.0198037	0.00760855	0.0474934	0.0278834	0.0458807	0.0322952	0.0355354
430	-646.1818	-626.7638	-19.41795	0.009841878	0.953029	0.0469707	0.5	0.5	0.0290628	0.0236466	0.0385673	10.6922	0.0198037	0.00760855	0.0474934	0.0278834	0.0458807	0.0322952	0.0355354
435	-652.7608	-633.2549	-19.50588	0.01072121	0.961427	0.0385729	0.5	0.5	0.0290628	0.0236466	0.0385673	10.6922	0.0198037	0.00760855	0.0474934	0.0278834	0.0458807	0.0322952	0.0355354
440	-650.8639	-631.209	-19.65491	0.01221149	0.968954	0.0310458	0.5	0.5	0.0290628	0.0236466	0.0385673	10.6922	0.0198037	0.00760855	0.0474934	0.0278834	0.0458807	0.0322952	0.0355354
445	-655.0688	-635.3315	-19.7373	0.01303531	0.972437	0.0275625	0.5	0.5	0.0290628	0.0236466	0.0385673	10.6922	0.0198037	0.00760855	0.0474934	0.0278834	0.0458807	0.0322952	0.0355354
450	-654.3091	-634.5718	-19.7373	0.01303531	0.982744	0.017256	0.5	0.5	0.0290628	0.0236466	0.0385673	10.6922	0.0198037	0.00760855	0.0474934	0.0278834	0.0458807	0.0322952	0.0355354
455	-660.2911	-640.5538	-19.7373	0.01303531	0.96674	0.03326	0.5	0.5	0.0290628	0.0236466	0.0385673	10.6922	0.0198037	0.00760855	0.0474934	0.0278834	0.0458807	0.0322952	0.0355354
460	-649.3289	-629.9292	-19.3997	0.00965932	0.959207	0.0407929	0.5	0.5	0.0290628	0.0236466	0.0385673	10.6922	0.0198037	0.00760855	0.0474934	0.0278834	0.0458807	0.0322952	0.0355354
465	-645.9156	-626.4376	-19.47796	0.01044201	0.970388	0.0296122	0.5	0.5	0.0290628	0.0236466	0.0385673	10.6922	0.0198037	0.00760855	0.0474934	0.0278834	0.0458807	0.0322952	0.0355354
470	-655.8825	-636.5539	-19.32862	0.008948564	0.964626	0.0353736	0.5	0.5	0.0290628	0.0236466	0.0385673	10.6922	0.0198037	0.00760855	0.0474934	0.0278834	0.0458807	0.0322952	0.0355354
475	-648.4367	-629.1081	-19.32862	0.008948564	0.964052	0.0359483	0.5	0.5	0.0290628	0.0236466	0.0385673	10.6922	0.0198037	0.00760855	0.0474934	0.0278834	0.0458807	0.0322952	0.0355354
480	-654.9163	-636.2954	-18.62091	0.01197153	0.970011	0.0299886	0.5	0.5	0.029027	0.0236175	0.0385198	10.6791	0.0197793	0.0211493	0.0474349	0.027849	0.0458241	0.0322554	0.0354916
485	-648.9684	-630.5004	-18.468	0.01044247	0.974538	0.0254622	0.5	0.5	0.029027	0.0236175	0.0385198	10.6791	0.0197793	0.0211493	0.0474349	0.027849	0.0458241	0.0322554	0.0354916
490	-652.2133	-633.9781	-18.23519	0.008114352	0.95604	0.04396	0.5	0.5	0.029027	0.0236175	0.0385198	10.6791	0.0197793	0.0211493	0.0474349	0.027849	0.0458241	0.0322554	0.0354916
495	-647.653	-629.4145	-18.23843	0.008146744	0.956903	0.0430969	0.5	0.5	0.029027	0.0236175	0.0385198	10.6791	0.0197793	0.0211493	0.0474349	0.027849	0.0458241	0.0322554	0.0354916
500	-643.2751	-624.9748	-18.30027	0.008765166	0.966229	0.033771	0.5	0.5	0.029027	0.0236175	0.0385198	10.6791	0.0197793	0.0211493	0.0474349	0.027849	0.0458241	0.0322554	0.0354916
505	-651.9542	-633.6083	-18.34595	0.009221916	0.964568	0.035432	0.5	0.5	0.029027	0.0236175	0.0385198	10.6791	0.0197793	0.0211493	0.0474349	0.027849	0.0458241	0.0322554	0.0354916
510	-650.2303	-631.8844	-18.34595	0.009221916	0.966099	0.0339007	0.5	0.5	0.029027	0.0236175	0.0385198	10.6791	0.0197793	0.0211493	0.0474349	0.027849	0.0458241	0.0322554	0.0354916
515	-647.6652	-629.3193	-18.34595	0.009221916	0.974537	0.0254635	0.5	0.5	0.029027	0.0236175	0.0385198	10.6791	0.0197793	0.0211493	0.0474349	0.027849	0.0458241	0.0322554	0.0354916
520	-641.4614	-622.9585	-18.50286	0.01079102	0.95196	0.0480399	0.5	0.5	0.029027	0.0236175	0.0385198	10.6791	0.0197793	0.0211493	0.0474349	0.027849	0.0458241	0.0322554	0.0354916
525	-652.3064	-634.7436	-17.56286	0.008283478	0.963691	0.0363091	0.5	0.5	0.028918	0.0235288	0.0796818	10.639	0.019705	0.0210699	0.0472568	0.0277445	0.0456521	0.0321343	0.0353584
530	-651.1791	-633.6859	-17.49319	0.007586798	0.969296	0.0307042	0.5	0.5	0.028918	0.0235288	0.0796818	10.639	0.019705	0.0210699	0.0472568	0.0277445	0.0456521	0.0321343	0.0353584
535	-642.1114	-624.6798	-17.43164	0.006971271	0.979658	0.020342	0.5	0.5	0.028918	0.0235288	0.0796818	10.639	0.019705	0.0210699	0.0472568	0.0277445	0.0456521	0.0321343	0.0353584
540	-651.6528	-633.8678	-17.78498	0.01050475	0.950834	0.0491664	0.5	0.5	0.028918	0.0235288	0.0796818	10.639	0.019705	0.0210699	0.0472568	0.0277445	0.0456521	0.0321343	0.0353584
545	-641.4082	-624.4161	-16.9921	0.007827284	0.974915	0.0250854	0.5	0.5	0.0288564	0.0234787	0.079512	10.6163	0.019663	0.021025	0.0471561	0.0276854	0.0455548	0.0554999	0.035283
550	-647.3204	-630.1862	-17.13419	0.009248146	0.967069	0.0329311	0.5	0.5	0.0288564	0.0234787	0.079512	10.6163	0.019663	0.021025	0.0471561	0.0276854	0.0455548	0.0554999	0.035283
555	-647.7518	-630.8577	-16.8941	0.006847253	0.982168	0.0178316	0.5	0.5	0.0288564	0.0234787	0.079512	10.6163	0.019663	0.021025	0.0471561	0.0276854	0.0455548	0.0554999	0.035283
560	-641.6283	-624.447	-17.18132	0.009719416	0.960588	0.039412	0.5	0.5	0.0288564	0.0234787	0.079512	10.6163	0.019663	0.021025	0.0471561	0.0276854	0.0455548	0.0554999	0.035283
565	-649.9893	-633.1514	-16.83798	0.006286002	0.96497	0.0350305	0.5	0.5	0.0288564	0.0234787	0.079512	10.6163	0.019663	0.021025	0.0471561	0.0276854	0.0455548	0.0554999	0.035283
570	-647.8226	-630.7659	-17.05671	0.00847331	0.957706	0.0422938	0.5	0.5	0.0288564	0.0234787	0.079512	10.6163	0.019663	0.021025	0.0471561	0.0276854	0.0455548	0.0554999	0.035283
575	-639.2086	-621.9992	-17.20936	0.01063121	0.967587	0.0324127	0.5	0.5	0.0307913	0.0234746	0.079498	10.6144	0.0196595	0.0210213	0.0471478	0.0276805	0.0455468	0.0554901	0.0352768
580	-651.6428	-634.4335	-17.20936	0.01063121	0.988624	0.0113764	0.5	0.5	0.0307913	0.0234746	0.079498	10.6144	0.0196595	0.0210213	0.0471478	0.0276805	0.0455468	0.0554901	0.0352768
585	-649.9756	-632.9637	-17.01185	0.008656061	0.933023	0.0669772	0.5	0.5	0.0307913	0.0234746	0.079498	10.6144	0.0196595	0.0210213	0.0471478	0.0276805	0.0455468	0.0554901	0.0352768
590	-642.8778	-625.9721	-16.90575	0.007595133	0.962338	0.0376618	0.5	0.5	0.0307913	0.0234746	0.079498	10.6144	0.0196595	0.0210213	0.0471478	0.0276805	0.0455468	0.0554901	0.0352768
595	-647.0548	-630.1491	-16.90575	0.007595133	0.961105	0.0388949	0.5	0.5	0.0307913	0.0234746	0.079498	10.6144	0.0196595	0.0210213	0.0471478	0.0276805	0.0455468	0.0554901	0.0352768
600	-639.372	-622.4663	-16.90575	0.007595133	0.970236	0.0297644	0.5	0.5	0.0307913	0.0234746	0.079498	10.6144	0.0196595	0.0210213	0.0471478	0.0276805	0.0455468	0.0554901	0.0352768
605	-636.9653	-620.0595	-16.90575	0.007595133	0.960644	0.039356	0.5	0.5	0.0307913	0.0234746	0.079498	10.6144	0.0196595	0.0210213	0.0471478	0.0276805	0.0455468	0.0554901	0.0352768
610	-638.025	-621.9518	-16.07329	0.006220302	0.970333	0.0296666	0.5	0.5	0.0306453	0.0233633	0.0791212	10.5641	0.0195664	0.0209217	0.0990657	0.0275493	0.0453309	0.0552271	0.0351096
615	-641.2818	-625.2828	-15.99898	0.008351333	0.972383	0.0276169	0.5	0.5	0.0315427	0.0240474	0.0814381	10.5513	0.0201393	0.0215343	0.101967	0.028356	0.0466583	0.0568443	0.0361377
620	-641.0962	-625.217	-15.87913	0.007152821	0.975433	0.0245671	0.5	0.5	0.0315427	0.0240474	0.0814381	10.5513	0.0201393	0.0215343	0.101967	0.028356	0.0466583	0.0568443	0.0361377
625	-636.6241	-620.7573	-15.8668	0.007029581	0.972735	0.0272654	0.5	0.5	0.0315427	0.0240474	0.0814381	10.5513	0.0201393	0.0215343	0.101967	0.028356	0.0466583	0.0568443	0.0361377
630	-642.0445	-626.2666	-15.77782	0.006139766	0.976564	0.0234356	0.5	0.5	0.0315427	0.0240474	0.0814381	10.5513	0.0201393	0.0215343	0.101967	0.028356	0.0466583	0.0568443	0.0361377
635	-656.2272	-640.3269	-15.90029	0.007364484	0.967382	0.0326178	0.5	0.5	0.0315427	0.0240474	0.0814381	10.5513	0.0201393	0.0215343	0.101967	0.028356	0.0466583	0.0568443	0.0361377
640	-641.6662	-625.7009	-15.9653	0.008014587	0.962763	0.0372373	0.5	0.5	0.0315427	0.0240474	0.0814381	10.5513	0.0201393	0.0215343	0.101967	0.028356	0.0466583	0.0568443	0.0361377
645	-639.789	-623.8028	-15.98621	0.008223683	0.963484	0.0365165	0.5	0.5	0.0315427	0.0240474	0.0814381	10.5513	0.0201393	0.0215343	0.101967	0.028356	0.0466583	0.0568443	0.0361377
650	-644.0564	-628.0683	-15.98801	0.008241708	0.973979	0.0260211	0.5	0.5	0.0315427	0.0240474	0.0814381	10.5513	0.0201393	0.0215343	0.101967	0.028356	0.0466583	0.0568443	0.0361377
655	-645.0576	-628.9461	-16.11147	0.009476295	0.972904	0.0270964	0.5	0.5	0.0315427	0.0240474	0.0814381	10.5513	0.0201393	0.0215343	0.101967	0.028356	0.0466583	0.0568443	0.0361377
660	-636.9971	-621.0942	-15.90288	0.007390368	0.977036	0.0229642	0.5	0.5	0.0315427	0.0240474	0.0814381	10.5513	0.0201393	0.0215343	0.101967	0.028356	0.0466583	0.0568443	0.0361377
665	-647.2944	-631.4955	-15.79892	0.006350758	0.948706	0.0512944	0.5	0.5	0.0315427	0.0240474	0.0814381	10.5513	0.0201393	0.0215343	0.101967	0.028356	0.0466583	0.0568443	0.0361377
670	-641.5247	-629.312	-12.21267	0.005710191	0.965287	0.0347128	0.5	0.5	0.0437097	0.0333233	0.112851	10.3575	0.0279077	0.0298408	0.141298	0.0392938	0.0854155	0.0787709	0.0500771
675	-648.5778	-636.3042	-12.27354	0.006318804	0.956609	0.0433907	0.5	0.5	0.0437097	0.0333233	0.112851	10.3575	0.0279077	0.0298408	0.141298	0.0392938	0.0854155	0.0787709	0.0500771
680	-638.7261	-626.4429	-12.28314	0.004983848	0.972011	0.0279885	0.5	0.5	0.0437279	0.0287603	0.112898	10.3618	0.0279193	0.0298532	0.141357	0.0393101	0.085451	0.0788037	0.050098
685	-637.2341	-624.8262	-12.40794	0.006231861	0.974157	0.0258431	0.5	0.5	0.0437279	0.0287603	0.112898	10.3618	0.0279193	0.0298532	0.141357	0.0393101	0.085451	0.0788037	0.050098
690	-633.3041	-620.9438	-12.36025	0.005754958	0.978656	0.0213436	0.5	0.5	0.0437279	0.0287603	0.112898	10.3618	0.0279193	0.0298532	0.141357	0.0393101	0.085451	0.0788037	0.050098
695	-645.6622	-633.3869	-12.27532	0.004905593	0.9562	0.0437999	0.5	0.5	0.0437279	0.0287603	0.112898	10.3618	0.0279193	0.0298532	0.141357	0.0393101	0.085451	0.0788037	0.050098
700	-645.4188	-633.1306	-12.28815	0.005033955	0.974492	0.0255079	0.5	0.5	0.0437279	0.0287603	0.112898	10.3618	0.0279193	0.0298532	0.141357	0.0393101	0.085451	0.0788037	0.050098
705	-660.1247	-648.3119	-11.81282	0.003542078	0.96932	0.0306805	0.5	0.5	0.0437443	0.0287711	0.0817505	10.3657	0.0279297	0.0569334	0.14141	0.0393248	0.085483	0.0788332	0.0501167
710	-654.5493	-650.4708	-4.078486	0.004274779	0.9595	0.0404995	0.5	0.5	0.0962305	0.0632918	0.179838	9.60465	0.061441	0.125244	0.31108	0.0865085	0.188049	0.173421	0.110249
715	-630.6031	-626.728	-3.875095	0.002240863	0.962821	0.0371786	0.5	0.5	0.0962305	0.0632918	0.179838	9.60465	0.061441	0.125244	0.31108	0.0865085	0.188049	0.173421	0.110249
720	-624.0965	-620.1843	-3.912155	0.00261147	0.966752	0.0332477	0.5	0.5	0.0962305	0.0632918	0.179838	9.60465	0.061441	0.125244	0.31108	0.0865085	0.188049	0.173421	0.110249
725	-637.4498	-633.5991	-3.850759	0.001997507	0.974225	0.0257749	0.5	0.5	0.0962305	0.0632918	0.179838	9.60465	0.061441	0.125244	0.31108	0.0865085	0.188049	0.173421	0.110249
730	-633.916	-629.9992	-3.916774	0.002657658	0.972265	0.0277353	0.5	0.5	0.0962305	0.0632918	0.179838	9.60465	0.061441	0.125244	0.31108	0.0865085	0.188049	0.173421	0.110249
735	-629.4739	-627.9416	-1.53226	0.00228495	0.954144	0.0458561	0.5	0.5	0.122177	0.0803567	0.228327	9.22843	0.078007	0.159013	0.394954	0.109833	0.238752	0.220179	0.139975
740	-630.2347	-628.7444	-1.490255	0.001864904	0.939549	0.0604512	0.5	0.5	0.122177	0.0803567	0.228327	9.22843	0.078007	0.159013	0.394954	0.109833	0.238752	0.220179	0.139975
745	-625.7448	-623.4198	-2.325	0.002257285	0.979926	0.020074	0.5	0.5	0.122671	0.0806819	0.229251	9.26577	0.0338152	0.159657	0.396552	0.110278	0.239718	0.22107	0.140541
750	-637.2452	-635.0166	-2.228578	0.001626478	0.966206	0.0337945	0.5	0.5	0.122415	0.0805138	0.228773	9.24647	0.0337448	0.159324	0.418633	0.110048	0.239218	0.220609	0.140248
755	-617.4727	-621.2938	3.82105	0.001214015	0.980399	0.0196006	0.5	0.5	0.227233	0.149454	0.42466	7.74502	0.0626388	0.295745	0.777087	0.204276	0.444049	0.409506	0.260336
760	-612.8705	-616.7165	3.846019	0.000964329	0.977856	0.0221436	0.5	0.5	0.227233	0.149454	0.42466	7.74502	0.0626388	0.295745	0.777087	0.204276	0.444049	0.409506	0.260336
765	-616.1013	-619.5097	3.408456	0.001128445	0.967741	0.0322595	0.5	0.5	0.237093	0.155939	0.443087	8.08109	0.0653568	0.308578	0.333497	0.21314	0.463317	0.427275	0.271632
770	-615.6686	-628.3142	12.64556	0.001128445	0.990534	0.00946557	0.5	0.5	0.634251	0.417153	1.96986	2.1051	0.174836	0.82548	0.89214	0.570173	1.23942	1.44494	0.726645
775	-555.5987	-566.1343	10.53561	0.0006098723	0.994554	0.00544561	0.5	0.5	0.538991	0.3545	0.621969	0.119663	0.148577	0.701499	2.44153	1.60787	1.05327	2.67652	0.735603
780	-556.1323	-566.8357	10.70341	0.0004540687	0.99124	0.00875961	0.5	0.5	0.573645	0.377292	0.661957	0.127357	0.15813	0.746601	2.59851	1.00402	1.12099	2.84861	0.782898
785	-561.8114	-573.1764	11.36499	0.0004753968	0.990288	0.00971212	0.5	0.5	0.56219	0.369758	1.4021	0.168283	0.142646	0.731693	0.824957	1.59849	1.09861	2.77595	1.32533
790	-557.051	-568.4341	11.38309	0.0004737981	0.989883	0.0101165	0.5	0.5	0.559333	0.367879	1.39497	0.167428	0.141921	0.783877	0.820765	1.59036	1.09302	2.76184	1.3186
795	-548.1982	-559.456	11.2578	0.0003817339	0.982698	0.0173019	0.5	0.5	0.557006	0.366349	1.38917	0.166731	0.141331	0.780616	1.78209	0.664764	1.08848	2.75035	1.31311
800	-553.2173	-565.6244	12.40713	0.0003817339	0.966733	0.0332669	0.5	0.5	1.01796	0.464846	0.948548	0.211559	0.17933	0.990495	2.26123	0.843494	1.38113	1.03525	1.66616
805	-552.5334	-564.9692	12.43585	0.0002538665	0.960018	0.0399816	0.5	0.5	0.972474	0.444074	0.906161	0.202105	0.171316	1.15558	1.64771	0.805801	1.31941	1.78367	1.5917
810	-555.4566	-567.752	12.29535	0.0003555185	0.980536	0.0194636	0.5	0.5	1.04271	0.433616	1.47657	0.197346	0.167282	0.702516	1.60891	0.786826	1.28834	1.74167	1.55422
815	-549.6714	-562.0256	12.35416	0.0003555185	0.986037	0.0139628	0.5	0.5	1.06308	0.442089	1.29049	0.201202	0.17055	0.716243	1.64034	0.8022	1.31351	1.7757	1.58459
820	-551.987	-564.3077	12.32069	0.0003528988	0.984838	0.0151615	0.5	0.5	1.05103	0.437077	1.27586	0.198921	0.168617	0.708122	1.62174	0.793104	1.42333	1.75557	1.56662
825	-555.8351	-568.1489	12.31388	0.0003422896	0.982029	0.0179711	0.5	0.5	1.10405	0.459125	0.669834	0.208955	0.177122	0.859338	1.70355	0.833112	1.49513	1.84413	1.64565
830	-551.1306	-563.0573	11.92677	0.0004484757	0.988415	0.0115854	0.5	0.5	1.03483	0.430338	0.627837	0.195854	0.166017	0.805459	1.59674	0.780878	1.40139	2.41818	1.54247
835	-545.6894	-557.9547	12.26534	0.0004425902	0.985177	0.014823	0.5	0.5	1.07393	0.4466	1.16961	0.203255	0.17229	0.60209	1.65708	0.810385	1.45435	1.80966	1.60076
840	-554.2791	-566.4462	12.1671	0.0002979447	0.946306	0.0536942	0.5	0.5	1.59282	0.464701	1.35174	0.211493	0.179274	0.577166	1.72424	0.843231	1.51329	1.883	0.659029
845	-557.5827	-569.8538	12.27105	0.0003443891	0.969158	0.0308417	0.5	0.5	1.54389	0.444284	1.29235	0.202201	0.171397	0.9669	1.69564	0.806184	1.44681	1.80027	0.630074
850	-552.7253	-565.0901	12.36476	0.0002836759	0.978091	0.0219089	0.5	0.5	1.61816	0.465658	1.35453	0.211929	0.179643	1.01342	1.77721	0.844968	0.987213	1.88688	0.660386
855	-548.3293	-560.7331	12.40382	0.0003460075	0.971855	0.028145	0.5	0.5	1.65535	0.47636	1.14412	0.216799	0.183771	1.03671	1.81805	0.85313	1.0099	1.93025	0.675563
860	-551.1211	-563.3532	12.23212	0.0003460075	0.978852	0.0211478	0.5	0.5	1.6027	0.461207	1.64317	0.209903	0.177926	1.00373	1.76022	0.825994	0.792222	1.86885	0.654074
865	-551.304	-563.7506	12.44662	0.0004185647	0.986237	0.0137626	0.5	0.5	1.47195	1.05743	1.50912	0.192779	0.16341	0.845049	1.81233	0.758607	0.727591	1.71638	0.745351
870	-556.2629	-568.665	12.40207	0.0002925016	0.97227	0.0277299	0.5	0.5	1.40803	1.01151	1.62302	0.184407	0.156314	1.10659	1.73363	0.725665	0.695995	1.64185	0.712984
875	-557.994	-571.2957	13.30166	0.0004522076	0.981825	0.018175	0.5	0.5	1.40308	1.00796	0.929916	0.558628	0.155765	1.10271	1.72754	1.0743	0.693549	1.63608	0.710479
880	-555.2926	-567.847	12.55443	0.000555337	0.992152	0.00784779	0.5	0.5	1.20921	0.604127	2.00882	0.481442	0.134243	0.950344	1.48885	0.925865	0.597721	1.98706	0.612312
885	-546.98	-559.5576	12.57761	0.0003708251	0.982825	0.0171754	0.5	0.5	1.20838	0.603711	2.00744	0.481111	0.13415	0.949691	1.48782	0.925228	0.59731	1.98569	0.619457
890	-550.3839	-563.1758	12.79193	0.000347615	0.981251	0.0187485	0.5	0.5	1.34171	0.670319	0.629986	0.534192	0.148951	1.18162	1.83963	1.02237	0.738636	2.20478	0.687803
895	-553.5926	-566.0479	12.4553	0.0004031171	0.984363	0.0156365	0.5	0.5	1.13584	0.577227	0.542495	0.460005	0.250285	1.11988	1.71398	0.880387	0.636056	3.09158	0.592282
900	-544.1267	-556.6177	12.49101	0.0003131142	0.977334	0.0226658	0.5	0.5	1.02789	0.52237	1.39469	0.362524	0.226499	1.01345	1.55109	0.992116	0.575608	2.79777	0.535994
905	-548.8527	-562.1576	13.30496	0.0003702936	0.975667	0.0243334	0.5	0.5	1.23183	0.595405	1.67141	0.434452	0.271438	1.21453	1.85884	0.836149	0.689813	1.5538	0.64234
910	-547.6137	-560.4542	12.84055	0.0003038723	0.978078	0.0219216	0.5	0.5	1.12699	0.544727	1.53567	0.397473	0.248334	1.11115	1.70062	0.76498	0.6311	2.3513	0.587667
915	-556.0171	-568.6877	12.67065	0.0002451128	0.981491	0.0185086	0.5	0.5	1.03452	0.500035	1.40967	0.364863	0.22796	1.01999	1.87732	0.467109	0.652699	2.15839	1.28745
920	-552.3558	-564.8599	12.50405	0.0003042419	0.976845	0.0231554	0.5	0.5	1.11783	0.540299	1.52318	0.394242	0.246316	1.10212	2.02849	0.504722	0.705256	2.33218	0.505364
925	-546.8072	-559.217	12.40977	0.0003951682	0.981137	0.0188626	0.5	0.5	0.654861	0.555983	1.59611	0.413118	0.258109	1.15489	2.12561	0.528887	0.739023	2.44385	0.52956
930	-564.2637	-576.6394	12.37571	0.0004702234	0.977478	0.0225223	0.5	0.5	0.612754	0.520234	1.49348	0.386555	0.241513	1.08063	1.98894	0.494881	1.39879	2.28671	0.49551
935	-569.1763	-582.0264	12.85017	0.0004421629	0.970775	0.0292253	0.5	0.5	0.648731	0.550779	1.58117	0.409251	0.255693	1.14408	0.792138	1.19167	1.48091	2.42097	0.524603
940	-564.3017	-576.3438	12.04214	0.0003438107	0.96919	0.0308104	0.5	0.5	0.483769	0.410725	1.17911	0.305185	0.369524	0.921599	3.14054	0.888645	1.10434	1.80536	0.391205
945	-564.6163	-576.6554	12.03909	0.0003742799	0.976024	0.0239756	0.5	0.5	0.483769	0.410725	1.17911	0.305185	0.369524	0.921599	3.14054	0.888645	1.10434	1.80536	0.391205
950	-555.3642	-568.4478	13.08366	0.0003742799	0.979404	0.0205963	0.5	0.5	0.757453	0.643085	1.09938	0.477839	0.578576	0.575305	1.21301	0.487019	1.7291	2.82671	0.612522
955	-547.829	-561.7199	13.8909	0.0002687725	0.965678	0.0343222	0.5	0.5	0.938847	0.755041	1.29078	0.561027	0.455738	0.865883	1.42418	0.571805	2.03013	1.38741	0.719158
960	-544.8143	-559.07	14.25571	0.0002237599	0.972567	0.027433	0.5	0.5	1.20099	0.829651	1.41833	0.616465	0.500772	0.951445	1.56491	0.628308	0.974402	1.52451	0.790222
965	-558.7628	-573.0972	14.33443	0.0002689025	0.964818	0.0351816	0.5	0.5	1.14176	0.788739	1.09915	0.586066	0.476078	0.904528	1.48774	1.38899	0.926352	1.44933	0.751254
970	-545.3522	-559.3546	14.00238	0.0003002509	0.97111	0.0288899	0.5	0.5	1.17905	0.814494	1.13504	0.320357	0.491623	0.934063	1.45248	1.43435	0.966101	1.49666	0.775785
975	-550.4574	-564.7385	14.28111	0.0003052242	0.966462	0.0335376	0.5	0.5	1.16632	0.805704	1.12279	0.495745	0.486318	0.923983	1.43681	1.29755	0.955675	1.54169	0.767413
980	-552.3994	-566.5984	14.19904	0.0003190573	0.967758	0.0322417	0.5	0.5	1.11126	0.767666	1.06978	0.47234	0.463358	0.880361	1.36898	1.23629	1.42988	1.4689	0.731182
985	-548.8066	-563.0108	14.20416	0.0002678308	0.964347	0.0356531	0.5	0.5	1.11126	0.767666	1.06978	0.47234	0.463358	0.880361	1.36898	1.23629	1.42988	1.4689	0.731182
990	-545.1022	-559.161	14.05884	0.0002430903	0.964248	0.0357519	0.5	0.5	1.09536	0.663146	1.06638	0.470836	0.461882	0.877557	1.75298	1.04493	1.38451	1.46422	0.718196
995	-541.5667	-555.6635	14.09681	0.0002430903	0.96383	0.0361697	0.5	0.5	1.09176	0.660968	1.06288	0.50541	0.460366	0.874675	1.74723	1.0415	1.37997	1.45942	0.715838
1000	-548.3402	-562.6041	14.26394	0.0002691539	0.955663	0.0443368	0.5	0.5	1.14394	0.692556	1.11367	0.529563	0.482367	0.895826	1.34548	1.09127	1.44591	1.50937	0.750048
1005	-547.611	-561.7832	14.17216	0.0002691539	0.967968	0.032032	0.5	0.5	1.05556	0.6456	1.03816	0.493659	0.449662	1.22202	1.25426	1.38697	1.34788	1.40703	0.699194
1010	-554.2761	-567.6833	13.40716	0.0003476803	0.965736	0.0342643	0.5	0.5	0.901274	0.551237	1.09016	0.421504	0.383938	1.04341	1.07093	1.18425	1.15087	2.60544	0.596998
1015	-553.9188	-567.2675	13.34867	0.0002895617	0.960979	0.0390212	0.5	0.5	0.873932	0.534514	1.38934	0.408717	0.37229	1.01175	1.03844	1.14978	1.11596	2.5264	0.578887
1020	-549.4875	-562.6095	13.12197	0.0002802038	0.966931	0.0330688	0.5	0.5	1.26904	0.474489	1.23332	0.362818	0.330483	0.898135	1.66385	1.02066	0.990636	2.24269	0.513879
1025	-543.9139	-557.3261	13.41214	0.000277448	0.977946	0.0220537	0.5	0.5	1.20113	0.503692	1.30922	0.385148	0.350822	0.953411	1.76626	1.08348	1.0516	1.84974	0.545505
1030	-543.5171	-556.8899	13.37282	0.0003402456	0.982888	0.0171116	0.5	0.5	1.27373	0.496719	1.35414	0.379816	0.345966	0.940213	1.74181	1.06848	1.03705	1.82413	0.537954
1035	-540.6612	-554.0866	13.42542	0.0002936116	0.970128	0.0298717	0.5	0.5	1.15263	0.449494	1.22539	0.343705	0.313073	0.850822	1.5762	0.966893	0.93845	1.6507	1.53263
1040	-555.3374	-568.8456	13.50829	0.0002747655	0.963466	0.0365336	0.5	0.5	1.24744	0.486467	1.32619	0.371977	0.338825	0.920807	1.70585	1.04642	1.01564	1.78648	0.753892
1045	-549.0975	-562.6514	13.55387	0.0002549829	0.957672	0.0423284	0.5	0.5	1.24049	0.483754	1.31879	0.369903	0.336936	0.915672	1.79975	1.04059	1.43838	1.30604	0.749689
1050	-549.0687	-562.621	13.55239	0.0002697184	0.964375	0.0356247	0.5	0.5	1.24049	0.483754	1.31879	0.369903	0.336936	0.915672	1.79975	1.04059	1.43838	1.30604	0.749689
1055	-545.3911	-558.9335	13.54241	0.0003695417	0.977183	0.0228172	0.5	0.5	1.24049	0.483754	1.31879	0.369903	0.336936	0.915672	1.79975	1.04059	1.43838	1.30604	0.749689
1060	-549.1508	-562.4527	13.30187	0.00029307	0.970269	0.0297306	0.5	0.5	1.19096	0.464441	1.26614	0.355135	0.323484	0.879116	2.25641	0.999046	1.2916	1.2539	0.719759
1065	-548.1837	-561.2087	13.02503	0.000335864	0.977229	0.0227715	0.5	0.5	1.11847	0.436173	1.18908	0.33352	0.303795	0.953996	2.11907	0.938239	0.945547	1.98615	0.675951
1070	-549.6539	-563.1414	13.48752	0.0003157451	0.978515	0.0214845	0.5	0.5	1.381	0.53855	1.0907	0.411802	0.288104	1.17791	0.823809	1.15846	1.16748	2.12758	0.834607
1075	-549.9271	-563.4937	13.56659	0.0003079768	0.97445	0.0255495	0.5	0.5	0.947264	0.612211	1.08762	0.468127	0.32751	0.741946	0.936488	1.31691	1.19458	2.41859	0.948762
1080	-557.0175	-571.2077	14.19024	0.0004182749	0.972321	0.0276793	0.5	0.5	1.08683	0.702412	1.24786	0.5371	0.375764	0.851261	1.07447	1.51094	1.37058	1.15423	1.08855
1085	-555.9899	-569.6225	13.63255	0.0002496985	0.961393	0.0386068	0.5	0.5	1.31593	0.443193	1.00315	0.43177	0.505718	0.684322	0.945106	1.21463	1.2681	2.313	0.875077
1090	-543.6175	-557.25	13.63255	0.0002496985	0.966161	0.0338389	0.5	0.5	1.31593	0.443193	1.00315	0.43177	0.505718	0.684322	0.945106	1.21463	1.2681	2.313	0.875077
1095	-562.1581	-575.3346	13.17647	0.0002496985	0.971717	0.028283	0.5	0.5	1.15205	0.388002	0.878224	0.676663	0.44274	0.599103	0.827411	1.06337	1.11018	3.09615	0.766102
1100	-550.2505	-563.8836	13.63311	0.0002474934	0.964065	0.0359351	0.5	0.5	1.21824	0.410295	0.928683	0.715541	0.468178	0.633524	0.87495	0.989754	1.55842	2.39229	0.810118
1105	-551.1491	-564.7574	13.60823	0.0003014707	0.945847	0.054153	0.5	0.5	1.30193	0.406784	0.920737	0.709419	0.464173	0.628104	0.867464	0.981285	1.54509	2.37183	0.803187
1110	-553.023	-566.5558	13.53272	0.0003074294	0.961374	0.0386263	0.5	0.5	0.846766	0.433825	0.981942	0.567079	0.495028	0.669856	0.925127	1.04652	1.64779	2.52949	0.856578
1115	-551.5505	-564.5171	12.96666	0.0002553249	0.969007	0.0309934	0.5	0.5	0.734586	0.289952	2.12528	0.521113	0.429447	0.581114	0.802567	0.907873	1.4295	2.19438	0.984189
1120	-554.4878	-567.4527	12.9649	0.0002954859	0.958698	0.0413019	0.5	0.5	0.725912	0.286529	2.10018	0.51496	0.424376	0.574252	0.79309	0.897153	1.14691	2.16847	1.36816
1125	-550.584	-563.5573	12.97326	0.0002806735	0.964013	0.0359871	0.5	0.5	0.710203	0.280328	2.05474	0.503816	0.415192	0.644998	0.775927	0.877738	1.12209	2.12155	1.49342
1130	-554.3779	-567.7749	13.39705	0.0002885061	0.952528	0.0474724	0.5	0.5	0.790869	0.312168	0.925851	0.56104	0.46235	0.831128	0.864058	0.977433	1.24954	2.36251	1.66305
1135	-551.0652	-564.3636	13.29845	0.0002754498	0.963411	0.0365893	0.5	0.5	1.37637	0.302895	0.898347	0.544374	0.448616	0.806439	0.66884	0.835719	1.21242	2.29233	1.61364
1140	-552.9045	-566.4012	13.49664	0.0002972047	0.96154	0.0384598	0.5	0.5	1.38157	0.304039	0.90174	0.665456	0.45031	1.26405	0.671366	0.838875	1.2479	2.30099	0.973699
1145	-555.4832	-569.0592	13.57596	0.0002174569	0.975891	0.0241085	0.5	0.5	1.41373	0.316814	0.82996	0.612484	0.414465	1.16343	0.893154	0.772099	1.14857	2.11783	1.31747
1150	-548.4794	-562.0559	13.57655	0.0002973492	0.962383	0.0376172	0.5	0.5	1.38256	0.317545	0.831875	0.613897	0.415421	1.16612	0.895214	0.77388	1.16027	2.12271	1.32051
1155	-550.1013	-563.69	13.58862	0.0002092127	0.97542	0.02458	0.5	0.5	1.38561	0.318245	0.833708	0.61525	0.416336	1.14445	0.897186	0.775585	1.16283	2.12739	1.32342
1160	-552.2468	-565.8303	13.5835	0.000260434	0.963934	0.0360657	0.5	0.5	1.38561	0.318245	0.833708	0.61525	0.416336	1.14445	0.897186	0.775585	1.16283	2.12739	1.32342
1165	-556.17	-569.4754	13.30545	0.000303911	0.974912	0.0250877	0.5	0.5	1.31107	0.301126	0.788862	0.582155	0.393941	1.08289	0.848925	0.733866	0.980216	2.01296	1.96399
1170	-553.6839	-567.3711	13.68716	0.0002939611	0.94614	0.0538603	0.5	0.5	1.28766	0.704987	0.774777	0.57176	0.386907	1.06355	0.687127	0.654568	0.962715	1.97701	1.92893
1175	-560.9589	-574.5684	13.6095	0.0004353487	0.968759	0.0312412	0.5	0.5	1.23124	0.674094	0.740826	0.722969	0.369953	1.01695	0.657017	0.625885	0.920528	2.19614	1.8444
1180	-553.3899	-566.8245	13.43459	0.0002909243	0.983703	0.0162967	0.5	0.5	1.24522	0.681747	0.749237	0.731177	0.374153	0.540964	0.664476	0.632991	1.29362	2.22108	1.86534
1185	-552.5709	-565.8251	13.25421	0.0004275357	0.960968	0.0390317	0.5	0.5	1.07439	0.588221	0.646452	0.630869	0.322824	0.517305	1.58802	0.546153	1.55995	1.91637	1.60944
1190	-546.5588	-559.5519	12.99303	0.0003809891	0.967501	0.0324989	0.5	0.5	1.01844	0.557587	0.612785	0.598015	0.306012	0.490365	2.07818	0.51771	1.47871	1.81657	1.52562
1195	-550.0615	-563.0011	12.93967	0.0002640994	0.955406	0.0445938	0.5	0.5	0.951043	0.86096	0.582811	0.623938	0.15575	0.643519	1.97653	0.620361	1.40638	1.72771	1.451
1200	-541.9264	-555.0221	13.09562	0.0002705766	0.974523	0.0254769	0.5	0.5	0.981376	0.888419	0.601399	0.643837	0.160717	0.664044	1.68874	0.640146	1.45123	1.78282	1.49728
1205	-547.5669	-560.5933	13.0264	0.0002717756	0.967402	0.0325979	0.5	0.5	1.72362	0.765393	0.518118	0.55468	0.155722	1.19994	1.45488	0.5515	1.25027	1.53594	1.28994
1210	-569.1523	-581.9153	12.76294	0.0004839691	0.989819	0.0101808	0.5	0.5	1.66023	0.737242	0.441976	0.53428	0.149995	1.15581	1.53593	0.531217	1.20428	1.80654	1.24249
1215	-551.4759	-564.2139	12.73796	0.0002857882	0.976273	0.0237269	0.5	0.5	1.73558	0.770701	0.462034	0.558527	0.156802	0.709042	1.60564	0.555325	1.25894	1.88853	1.29888
1220	-557.8098	-570.4322	12.62238	0.0002857882	0.98018	0.0198199	0.5	0.5	2.03217	0.786723	0.47164	0.570138	0.160062	0.723782	1.63902	0.56687	0.795921	1.92779	1.32589
1225	-561.9272	-574.4063	12.47904	0.0002857882	0.960766	0.0392343	0.5	0.5	2.21292	0.856696	0.513588	0.38966	0.174298	0.788156	0.687339	0.617288	1.21699	2.09925	1.44381
1230	-561.7309	-575.6318	13.9009	0.0002829897	0.96555	0.0344496	0.5	0.5	1.60747	1.2466	0.747334	0.567003	0.253625	1.14686	1.00016	0.89823	1.00093	1.54986	0.981923
1235	-559.3385	-573.1857	13.84722	0.0003259771	0.970129	0.0298714	0.5	0.5	1.55989	1.2097	0.725212	0.538126	0.246118	1.11292	0.970556	0.871641	0.971297	1.50398	1.29057
1240	-558.4754	-572.3315	13.85618	0.0002363979	0.974311	0.0256887	0.5	0.5	1.55989	1.2097	0.725212	0.538126	0.246118	1.11292	0.970556	0.871641	0.971297	1.50398	1.29057
1245	-553.7549	-567.3206	13.56579	0.0002363979	0.980108	0.0198918	0.5	0.5	1.71584	0.295141	0.797716	0.591926	0.390452	1.22418	1.06759	0.958785	1.39776	1.68983	0.870783
1250	-562.8251	-576.3844	13.55929	0.0003014047	0.957621	0.0423793	0.5	0.5	1.71584	0.295141	0.797716	0.591926	0.390452	1.22418	1.06759	0.958785	1.39776	1.68983	0.870783
1255	-551.8987	-565.4592	13.5605	0.0003385009	0.963201	0.0367994	0.5	0.5	1.71773	0.295466	0.798594	0.592578	0.390882	1.22553	1.06876	0.95984	1.3993	1.67957	0.871742
1260	-541.6142	-555.7127	14.09848	0.0003284921	0.966812	0.0331881	0.5	0.5	1.59645	1.05129	0.742207	0.550737	0.363283	1.139	0.993302	0.892068	1.3005	1.56098	0.81019
1265	-550.6216	-564.6045	13.9829	0.0003031685	0.978411	0.0215888	0.5	0.5	1.48163	1.0261	0.724427	0.537544	0.35458	0.809402	1.55437	0.870698	1.32687	1.52359	0.790781
1270	-542.9754	-556.9355	13.96018	0.000251632	0.963238	0.036762	0.5	0.5	1.3674	0.946991	0.668574	0.496099	0.327242	0.898265	1.43453	0.803568	1.22457	1.40612	1.42664
1275	-551.2413	-565.3177	14.07641	0.0004086291	0.973262	0.0267382	0.5	0.5	1.35613	0.939191	1.20367	0.492013	0.324547	0.890866	1.42272	0.796949	1.15639	1.39454	1.02298
1280	-546.8324	-560.9316	14.09914	0.0002616868	0.961444	0.0385563	0.5	0.5	1.40359	0.97206	1.2458	0.509232	0.335905	0.922044	1.47251	0.82484	0.847078	1.40816	1.05878
1285	-554.1765	-568.2757	14.09914	0.0002616868	0.967612	0.0323885	0.5	0.5	1.40359	0.97206	1.2458	0.509232	0.335905	0.922044	1.47251	0.82484	0.847078	1.40816	1.05878
1290	-552.2632	-566.5521	14.28897	0.0002616868	0.971021	0.0289787	0.5	0.5	1.18631	0.97131	1.24484	0.733525	0.335646	0.921333	1.47137	0.824204	0.846425	1.40708	1.05796
1295	-557.5646	-571.8619	14.29728	0.0002641539	0.955525	0.0444754	0.5	0.5	1.18924	0.973715	1.24792	0.73534	0.336477	0.923614	1.44779	0.826244	0.848521	1.41056	1.06058
1300	-540.8816	-554.8268	13.94516	0.0002771485	0.972699	0.0273009	0.5	0.5	1.09107	0.893332	1.1449	0.674636	0.3087	0.847367	1.32827	0.84079	0.778473	2.11944	0.973028
1305	-552.6973	-564.5431	11.84574	0.0004111912	0.966425	0.033575	0.5	0.5	0.908404	0.614066	0.78699	0.463737	0.212197	0.58247	4.07348	0.577949	0.964463	1.14739	0.668848
1310	-544.9608	-558.2416	13.28077	0.0003711943	0.973509	0.0264908	0.5	0.5	1.07557	0.72707	0.931817	0.549077	0.251246	0.68966	2.50811	0.684307	1.43267	1.35854	0.791934
1315	-550.1113	-562.9531	12.84187	0.0003927056	0.965705	0.0342951	0.5	0.5	0.972735	0.657553	0.842723	0.496578	0.227224	0.62372	2.2683	0.618878	1.48802	2.08805	0.716214
1320	-574.1165	-587.3756	13.25904	0.0003898607	0.954807	0.0451932	0.5	0.5	1.0889	0.603789	0.943366	0.555882	0.25436	0.698208	1.3578	0.692788	1.66573	2.33742	0.801749
1325	-553.8573	-568.0522	14.19491	0.0003053387	0.960947	0.0390533	0.5	0.5	1.07934	0.598487	0.813649	0.551001	0.732813	0.692077	1.34588	1.01574	1.6511	1.7252	0.794709
1330	-552.8038	-566.8881	14.08431	0.0002811606	0.960947	0.0390533	0.5	0.5	1.26511	0.575989	0.783061	0.530287	0.705265	0.66606	1.29529	0.977556	1.77621	1.66034	0.764834
1335	-547.0106	-561.1619	14.15132	0.0002572341	0.954537	0.0454633	0.5	0.5	1.22962	0.559829	1.24969	0.515409	0.685478	0.647372	1.25895	0.950129	1.72638	1.43378	0.743375
1340	-549.2656	-563.407	14.14143	0.000289003	0.966905	0.0330951	0.5	0.5	1.29621	0.590149	1.31737	0.543324	0.722603	0.682434	0.974482	0.758472	1.81988	1.51143	0.783637
1345	-559.4313	-573.5727	14.14143	0.000289003	0.970774	0.0292263	0.5	0.5	1.29621	0.590149	1.31737	0.543324	0.722603	0.682434	0.974482	0.758472	1.81988	1.51143	0.783637
1350	-559.8248	-573.9607	14.13594	0.0003439408	0.964433	0.035567	0.5	0.5	1.29621	0.590149	1.31737	0.543324	0.722603	0.682434	0.974482	0.758472	1.81988	1.51143	0.783637
1355	-550.453	-564.8499	14.39689	0.0002625139	0.968392	0.0316083	0.5	0.5	1.38252	0.629444	1.40509	0.579501	0.770717	0.727874	1.03937	0.808974	1.33077	1.48993	0.835814
1360	-547.7138	-561.9576	14.24377	0.0002625139	0.957313	0.0426868	0.5	0.5	1.33454	0.607599	1.35633	0.55939	0.74397	0.702614	1.0033	0.780899	1.28459	1.81997	0.806808
1365	-554.379	-568.726	14.347	0.0002625139	0.97423	0.0257704	0.5	0.5	1.43674	0.654129	1.13107	0.602227	0.800943	0.756419	0.945043	0.8407	1.00479	1.95934	0.868593
1370	-547.8925	-562.0074	14.11484	0.000237018	0.960558	0.0394421	0.5	0.5	1.32552	0.603492	1.04352	0.555608	0.738941	0.697864	0.871886	0.775621	1.77853	1.80767	0.801355
1375	-547.7046	-561.6569	13.95226	0.0003096773	0.968445	0.0315554	0.5	0.5	1.15865	0.52752	1.01463	0.465837	0.645918	0.610012	1.21191	0.67798	1.55464	1.5801	1.5528
1380	-552.6367	-566.684	14.04731	0.0003862119	0.965465	0.0345355	0.5	0.5	1.12888	0.513963	0.988553	0.453865	0.629318	0.877034	1.18076	0.660556	1.51468	1.53949	1.5129
1385	-542.4107	-556.4644	14.05374	0.0003087698	0.964591	0.0354095	0.5	0.5	1.14273	0.52027	1.16221	0.459435	0.637041	0.887797	0.898733	0.668662	1.53327	1.55839	1.53146
1390	-537.9471	-551.7284	13.78131	0.0003500256	0.966695	0.0333051	0.5	0.5	0.987961	0.429511	1.00481	0.39721	0.550762	0.767556	2.02898	1.13543	1.32561	1.34732	1.02485
1395	-554.4742	-567.1128	12.63861	0.0004337623	0.984304	0.0156961	0.5	0.5	0.989014	0.429968	1.00588	0.397633	0.146871	0.768374	2.4239	1.13664	1.32702	1.34876	1.02594
1400	-542.6376	-555.2829	12.64539	0.0005291373	0.971392	0.0286084	0.5	0.5	0.994602	0.432398	1.01156	0.39988	0.147701	0.772716	2.41729	1.10122	1.33452	1.35638	1.03174
1405	-549.7717	-562.0625	12.29076	0.0003839281	0.985662	0.014338	0.5	0.5	1.01153	0.252492	1.02878	0.406688	0.150216	0.785871	2.45844	1.11996	1.35724	1.37947	1.0493
1410	-548.1857	-560.8152	12.62956	0.0003949933	0.983466	0.0165335	0.5	0.5	1.15911	0.289328	1.17887	0.298925	0.172131	0.900523	1.37939	1.28336	1.55525	1.58073	1.20239
1415	-549.1062	-561.8671	12.76099	0.0003949933	0.9849	0.0150995	0.5	0.5	1.25814	0.314048	1.2796	0.324465	0.186838	0.977463	0.821442	1.39301	1.4241	1.71578	1.30512
1420	-557.4444	-571.2215	13.77711	0.000433016	0.978734	0.021266	0.5	0.5	1.19091	0.840926	1.21122	1.06709	0.176854	0.92523	0.777546	0.981136	1.348	1.62409	0.856995
1425	-545.2998	-558.8667	13.56686	0.0003052354	0.966743	0.0332568	0.5	0.5	1.16615	0.608673	1.18604	1.04491	0.173177	0.771493	0.761381	1.5387	1.31998	1.59033	0.839179
1430	-566.4704	-579.8465	13.37615	0.0003665915	0.955172	0.0448276	0.5	0.5	1.12184	0.585546	1.14097	1.0052	0.166597	0.742179	0.732451	1.48023	1.26982	1.94786	0.807293
1435	-551.5686	-565.2365	13.66789	0.000358468	0.950736	0.0492639	0.5	0.5	1.1701	0.610736	1.18801	1.04845	0.173764	0.975926	0.76396	1.54391	1.32445	1.35867	0.842022
1440	-545.9124	-558.6879	12.77555	0.000285741	0.961147	0.0388531	0.5	0.5	0.995186	0.423391	1.01041	0.891717	0.147788	0.830036	2.80098	0.90232	1.12646	1.15557	0.716149
1445	-553.3845	-567.0814	13.69697	0.000285741	0.970022	0.0299782	0.5	0.5	1.19561	0.50866	1.36274	1.07131	0.177552	0.997203	1.00088	1.08404	1.35332	1.3883	0.86038
1450	-553.3541	-567.033	13.67886	0.000285741	0.967717	0.0322834	0.5	0.5	1.22476	0.521063	1.39597	1.09743	0.181881	0.814693	1.02529	1.0491	1.38632	1.42215	0.881357
1455	-553.7492	-568.0036	14.25435	0.0002662597	0.962712	0.0372876	0.5	0.5	1.24037	0.527703	1.41376	1.11141	0.465559	0.776012	1.03835	0.689988	1.40399	1.44027	0.892589
1460	-557.5992	-571.7887	14.18946	0.0002873219	0.976282	0.023718	0.5	0.5	1.20161	0.511213	1.2415	1.07668	0.451011	0.751763	1.47771	0.668428	1.36012	1.39526	0.864698
1465	-549.8558	-564.0513	14.19554	0.0002873219	0.968888	0.0311121	0.5	0.5	1.18655	0.85455	1.26538	1.06318	0.445355	0.491088	1.45918	0.660045	1.34306	1.37777	0.853854
1470	-546.5845	-560.4749	13.89039	0.0003351248	0.97235	0.0276499	0.5	0.5	1.43689	0.396695	1.18631	0.99674	0.417524	0.460398	1.44928	0.96771	1.25913	1.29167	1.13766
1475	-553.3172	-566.8435	13.52628	0.000347538	0.980504	0.0194964	0.5	0.5	1.15535	0.945951	0.953862	0.80144	0.335715	0.370189	1.71822	0.778098	1.01242	2.15734	0.771416
1480	-553.6464	-567.4657	13.81935	0.0003305391	0.970357	0.0296431	0.5	0.5	1.27942	1.04754	1.0563	0.887509	0.371769	0.409944	1.75468	0.60217	1.12114	1.61526	0.854261
1485	-548.7302	-562.3467	13.61659	0.0002767743	0.97186	0.0281396	0.5	0.5	1.40247	1.14829	1.15789	0.379293	0.407524	0.449371	1.45907	0.660084	1.22897	1.77061	0.93642
1490	-546.6862	-559.9767	13.29053	0.0002767743	0.976667	0.0233326	0.5	0.5	1.27022	0.592237	1.11765	0.366112	0.393361	0.433755	1.40837	0.988839	1.18626	2.33931	0.903878
1495	-551.5367	-564.8517	13.31502	0.000344272	0.978723	0.0212769	0.5	0.5	1.27659	0.595203	1.12325	0.367946	0.395332	0.435927	1.41542	0.993792	1.1922	2.29593	0.908405
1500	-553.447	-566.8024	13.3554	0.0003205796	0.975818	0.0241819	0.5	0.5	1.27053	0.592379	1.11792	0.3662	0.393456	0.433859	1.40871	0.989077	1.18655	2.22512	1.0162
1505	-545.1386	-558.338	13.19935	0.00026855	0.97747	0.0225295	0.5	0.5	1.87181	0.585792	1.10549	0.362128	0.389081	0.429035	0.899955	0.978079	1.17335	2.20038	1.0049
1510	-556.297	-569.4899	13.19286	0.0003334685	0.970882	0.0291185	0.5	0.5	1.87181	0.585792	1.10549	0.362128	0.389081	0.429035	0.899955	0.978079	1.17335	2.20038	1.0049
1515	-558.7407	-572.1843	13.44361	0.0002916436	0.975794	0.0242064	0.5	0.5	1.16572	0.667102	0.506781	0.412393	0.443086	0.679817	1.02487	1.11384	1.33622	2.5058	1.14438
1520	-564.417	-577.4963	13.07932	0.0003539945	0.974385	0.0256147	0.5	0.5	1.05669	0.604709	0.459383	0.743115	0.401646	0.616235	0.929017	1.00966	0.871039	3.27115	1.03735
1525	-550.0028	-563.8839	13.88111	0.0005031685	0.984185	0.015815	0.5	0.5	1.01678	0.58187	1.58901	0.715049	0.386476	0.592961	1.44666	0.978939	0.838141	1.85595	0.998171
1530	-550.643	-564.6112	13.96814	0.0003881711	0.963768	0.0362319	0.5	0.5	0.978292	0.872225	1.52887	0.687982	0.371847	0.570516	1.3919	0.941884	0.806415	1.88969	0.960388
1535	-553.4987	-567.3915	13.89288	0.0002627519	0.969781	0.030219	0.5	0.5	0.9108	0.81205	1.42339	0.640518	0.346193	0.531156	1.29587	0.876903	1.50967	1.75932	0.89413
1540	-542.4516	-556.2199	13.76827	0.0003128111	0.963497	0.036503	0.5	0.5	0.957075	0.853308	1.09717	0.451767	0.363782	0.558142	1.42266	0.921457	1.58638	1.8487	0.939559
1545	-548.837	-562.5521	13.71511	0.0003162863	0.96648	0.0335195	0.5	0.5	0.97249	0.689885	1.11484	0.459043	0.369642	0.567132	1.44557	0.936298	1.61193	1.87848	0.954691
1550	-554.4661	-568.4484	13.9824	0.0002135117	0.973398	0.0266025	0.5	0.5	1.06189	0.814164	1.21732	0.501242	0.403622	0.619267	1.27792	1.02237	0.988587	2.05116	1.04245
1555	-552.5131	-566.7533	14.24012	0.0003268584	0.974445	0.0255555	0.5	0.5	1.12055	0.859144	1.28458	0.528934	0.425921	0.65348	1.34852	1.07885	1.06683	1.53314	1.10005
1560	-539.4546	-553.6947	14.24012	0.0003268584	0.978047	0.0219529	0.5	0.5	1.12055	0.859144	1.28458	0.528934	0.425921	0.65348	1.34852	1.07885	1.06683	1.53314	1.10005
1565	-547.6125	-561.3566	13.7441	0.0003268584	0.974853	0.0251466	0.5	0.5	1.17198	0.861912	1.0612	0.435815	0.350937	0.538434	1.9841	0.88892	1.24785	1.36262	1.09624
1570	-547.2932	-560.8298	13.53666	0.0003417367	0.959924	0.0400758	0.5	0.5	1.10182	0.810317	0.997672	0.409727	0.32993	0.506203	1.86533	0.835708	1.75926	1.28105	1.10299
1575	-562.0226	-575.5049	13.48223	0.0004218821	0.968183	0.0318174	0.5	0.5	1.09713	0.806865	0.945895	0.407981	0.328524	0.504047	1.95177	0.832148	1.75176	1.2756	1.09829
1580	-548.213	-561.4833	13.27025	0.0003413901	0.978871	0.021129	0.5	0.5	1.20241	0.322502	1.03666	0.447132	0.380709	0.552416	1.62462	0.912002	1.91986	1.398	1.20368
1585	-554.628	-565.7576	11.12958	0.0004079724	0.981122	0.018878	0.5	0.5	0.960153	0.213822	1.47374	0.296453	0.252414	0.366257	2.40389	0.604667	0.781507	2.84905	0.798055
1590	-553.4906	-565.0653	11.57473	0.000336121	0.977798	0.0222023	0.5	0.5	0.972585	0.216591	1.49282	0.300291	0.255682	0.371	2.43501	0.612496	1.54095	1.99418	0.808388
1595	-569.3264	-581.6176	12.29128	0.0002100815	0.956848	0.0431518	0.5	0.5	0.864614	1.40672	1.32709	0.266955	0.227298	0.329813	2.16469	0.5445	1.36988	1.7728	0.725639
1600	-547.2596	-559.7493	12.48968	0.0002891723	0.972777	0.0272228	0.5	0.5	1.12268	0.637314	1.42631	0.187003	0.29514	0.428253	1.12651	0.726167	1.64493	2.30193	1.10376
1605	-553.424	-566.8893	13.4653	0.0003203156	0.955714	0.044286	0.5	0.5	1.13329	0.643337	1.43979	0.775769	0.297929	0.432301	1.13716	0.73303	0.969515	2.32369	1.11419
1610	-554.5078	-567.449	12.94123	0.0003252784	0.969708	0.0302925	0.5	0.5	1.05647	0.575908	1.19993	0.528466	0.277736	0.402999	2.16648	0.683344	0.9038	2.16619	1.03867
1615	-558.1402	-571.1142	12.97391	0.0003061062	0.982061	0.0179391	0.5	0.5	1.04354	0.568857	1.18525	0.521996	0.274336	0.407929	2.13996	0.674979	0.892736	2.06609	1.22433
1620	-555.7324	-568.966	13.23357	0.0003262711	0.985125	0.0148754	0.5	0.5	1.11022	0.605208	1.26098	0.555352	0.291866	0.433996	2.27754	0.674177	0.949782	1.53831	1.30257
1625	-553.627	-566.645	13.01798	0.0003458668	0.976337	0.0236629	0.5	0.5	1.04696	0.570721	1.73934	0.523707	0.275234	0.409266	2.14776	0.635761	0.895661	1.52725	1.22834
1630	-545.6648	-558.9661	13.30132	0.0003113749	0.977784	0.0222159	0.5	0.5	1.10059	0.593125	1.84173	0.554536	0.291437	0.433358	1.64584	0.673186	0.948386	1.61715	1.30065
1635	-543.9312	-556.8494	12.91823	0.0003353608	0.970435	0.0295647	0.5	0.5	0.855261	1.03512	1.43119	0.430924	0.226473	0.336758	1.63111	0.652047	1.51481	1.87558	1.01072
1640	-554.6461	-567.5434	12.89732	0.000266249	0.96643	0.0335696	0.5	0.5	1.29323	0.990435	1.3694	0.41232	0.216695	0.32222	1.56069	0.623897	1.44941	1.79461	0.967089
1645	-541.7789	-555.1011	13.32215	0.0003040959	0.971992	0.0280082	0.5	0.5	1.22326	0.93685	1.29532	0.390013	0.204972	0.827316	1.47626	0.590142	1.37099	1.77011	0.914767
1650	-546.9276	-560.0692	13.14161	0.0003112452	0.970831	0.0291689	0.5	0.5	1.25742	0.48981	1.33149	0.400903	0.210695	0.850417	1.51748	0.712346	1.40927	1.87986	0.940311
1655	-549.2241	-562.3666	13.14249	0.000233135	0.982415	0.0175846	0.5	0.5	1.25433	0.488604	1.35529	0.399916	0.210176	0.848324	1.51374	0.710592	1.40581	1.87523	0.937996
1660	-548.7334	-561.8862	13.15288	0.000233135	0.968833	0.0311667	0.5	0.5	1.26018	0.62642	1.36161	0.401783	0.211157	1.0089	1.52081	0.713909	1.41237	1.88398	0.598873
1665	-548.6177	-561.9528	13.33508	0.0002856103	0.978224	0.0217764	0.5	0.5	1.24052	0.616646	1.34037	0.567155	0.207863	0.993162	1.49708	0.702769	1.39033	1.85459	0.589528
1670	-544.7683	-557.9877	13.21936	0.0002856103	0.976966	0.0230341	0.5	0.5	1.09356	0.543593	1.18158	0.499965	0.183237	0.875504	1.31972	0.619514	1.29566	1.63488	1.7528
1675	-549.1423	-562.3634	13.22112	0.0002680234	0.958299	0.0417012	0.5	0.5	1.09356	0.543593	1.18158	0.499965	0.183237	0.875504	1.31972	0.619514	1.29566	1.63488	1.7528
1680	-543.0229	-556.3061	13.2832	0.0002680234	0.972914	0.0270861	0.5	0.5	1.29139	0.641937	0.962665	0.590416	0.216388	1.0339	1.55848	0.731592	1.53006	1.93065	0.512525
1685	-540.6133	-553.9825	13.36918	0.0003218462	0.987089	0.012911	0.5	0.5	1.25226	0.622484	1.36561	0.549849	0.209831	1.00257	1.51125	0.709423	1.26876	1.87215	0.635821
1690	-549.0401	-562.0238	12.98366	0.0003329478	0.980204	0.0197957	0.5	0.5	1.17309	0.583129	1.27927	0.515086	0.196565	0.939181	1.41571	0.664572	1.18854	2.44924	0.595622
1695	-549.4711	-562.82	13.34894	0.0003340454	0.978753	0.0212466	0.5	0.5	1.05874	0.629379	1.38073	0.555938	0.212155	0.895011	1.55237	0.717281	1.64397	1.71157	0.642863
1700	-549.9004	-562.1856	12.28515	0.0003828113	0.973529	0.0264707	0.5	0.5	1.14894	0.520722	1.14236	0.45996	0.175528	0.676852	1.48674	0.593448	2.95242	1.31114	0.531878
1705	-544.5833	-557.8534	13.2701	0.000293189	0.973269	0.0267307	0.5	0.5	1.47319	0.667674	1.46475	0.589765	0.225063	0.867866	1.90631	0.874937	0.567311	1.68116	0.681978
1710	-552.7252	-566.0907	13.3655	0.0003097234	0.976569	0.0234313	0.5	0.5	1.02895	0.689541	1.01664	0.767206	0.232434	0.693725	1.96874	1.57634	0.585891	1.73622	0.704314
1715	-547.7033	-561.3393	13.63601	0.0003172967	0.965535	0.0344652	0.5	0.5	1.01908	0.682927	1.00689	0.759848	0.335708	0.687072	1.94986	1.56122	0.580271	1.71957	0.697559
1720	-551.194	-564.9818	13.7878	0.0002586628	0.961292	0.0387075	0.5	0.5	1.01418	0.679644	0.904629	0.756195	0.334094	0.683768	1.94049	1.45513	0.577481	1.54422	1.11017
1725	-550.773	-564.7876	14.0146	0.0002586628	0.969552	0.0304483	0.5	0.5	0.945427	0.633568	1.46406	0.704929	0.311444	0.637413	1.16708	1.35648	1.30517	1.43953	1.03491
1730	-549.0258	-562.6205	13.59471	0.0002952296	0.972272	0.0277282	0.5	0.5	0.95821	0.57143	1.32047	0.635792	0.280899	0.574898	1.05261	1.22344	2.15049	1.29835	0.933408
1735	-545.7182	-559.7595	14.04123	0.0003380629	0.972	0.0280005	0.5	0.5	1.07139	0.638926	1.47644	0.71089	0.314078	0.642803	1.17694	1.36795	1.10521	1.4517	1.04366
1740	-549.3426	-563.5861	14.24348	0.0003380629	0.961749	0.0382509	0.5	0.5	1.21024	0.721728	0.980554	0.889149	0.398505	0.726108	1.32947	0.677047	1.24845	1.63984	1.17891
1745	-547.495	-561.7611	14.26613	0.0002201215	0.960639	0.0393614	0.5	0.5	1.14281	1.29442	0.925919	0.839607	0.376301	0.68565	1.2554	0.639323	1.17888	1.54847	1.11323
1750	-553.0262	-567.3308	14.30465	0.0003554805	0.974102	0.0258985	0.5	0.5	1.17892	1.04647	0.955181	0.866141	0.388193	0.707319	1.23629	0.659527	1.21614	1.5974	1.14841
1755	-548.4452	-562.3283	13.88309	0.000287021	0.964786	0.0352142	0.5	0.5	1.15523	0.587953	0.935981	0.848732	0.38039	0.693101	1.21145	0.646271	1.1917	2.22388	1.12532
1760	-545.2606	-558.9955	13.73484	0.0003520674	0.976762	0.0232378	0.5	0.5	1.14912	0.584847	1.25252	0.573534	0.378381	0.68944	1.20505	0.642857	1.1854	2.21213	1.12671
1765	-542.3605	-556.084	13.72356	0.0003093314	0.956359	0.0436413	0.5	0.5	1.14179	0.581112	1.31477	0.569871	0.375965	0.685038	1.19735	0.638752	1.17783	2.19801	1.11952
1770	-554.7938	-567.9337	13.13993	0.0004351104	0.979298	0.0207019	0.5	0.5	1.10974	0.502333	1.13653	0.492616	0.324996	0.59217	2.27079	0.552158	1.01816	1.90003	1.10048
1775	-553.3773	-566.4619	13.08454	0.0004324289	0.977633	0.0223665	0.5	0.5	1.13215	0.512477	0.840497	0.502564	0.333566	0.604128	2.41149	0.563309	1.03872	1.9384	1.12271
1780	-558.7221	-571.0611	12.33899	0.0003601091	0.966906	0.0330944	0.5	0.5	1.01842	0.460999	0.756068	0.452081	0.300059	0.543443	3.27421	0.506724	0.934378	1.74369	1.00993
1785	-541.4942	-554.7645	13.27037	0.0003601091	0.98125	0.0187503	0.5	0.5	1.17573	0.532207	0.872855	0.521912	0.346408	0.627386	2.50756	0.584995	1.07871	1.58631	1.16593
1790	-547.3732	-560.5511	13.17785	0.0002672753	0.968455	0.0315449	0.5	0.5	1.15806	0.524207	0.859734	0.514066	0.341201	0.617955	2.63522	0.576202	1.06249	1.56246	1.1484
1795	-544.2845	-557.8275	13.54303	0.0002570702	0.979635	0.0203645	0.5	0.5	1.22602	0.554972	0.910191	0.544236	0.361226	0.654222	2.1443	0.610018	1.12485	1.65416	1.2158
1800	-549.1841	-562.7776	13.59345	0.0003065431	0.968987	0.0310126	0.5	0.5	1.16732	0.528401	1.2707	0.640757	0.343931	0.622899	2.04164	0.580812	1.07099	1.57496	1.15759
1805	-554.1807	-567.6064	13.42579	0.0003076688	0.967889	0.0321107	0.5	0.5	1.12837	0.510768	1.2283	0.619375	0.332454	0.602114	1.97351	0.561431	1.03525	1.91644	1.09199
1810	-551.7318	-565.2342	13.50237	0.0003011713	0.957121	0.0428789	0.5	0.5	1.11246	0.503566	1.21097	0.610641	0.327766	0.748736	1.94568	0.553514	1.02066	1.88941	1.0766
1815	-548.0651	-561.5674	13.50237	0.0003011713	0.978268	0.0217322	0.5	0.5	1.11246	0.503566	1.21097	0.610641	0.327766	0.748736	1.94568	0.553514	1.02066	1.88941	1.0766
1820	-551.3809	-564.8299	13.44906	0.0003470009	0.962061	0.0379393	0.5	0.5	1.0217	0.462483	1.11218	0.560823	0.301026	1.10292	1.78694	0.508356	1.41954	1.73527	0.988764
1825	-552.2542	-563.9993	11.74509	0.0003710024	0.978431	0.0215689	0.5	0.5	0.732515	0.33158	1.97187	0.402086	0.215822	0.885898	1.35162	0.364469	1.01775	3.01749	0.708901
1830	-550.0084	-561.8226	11.81427	0.0003710024	0.984761	0.0152394	0.5	0.5	0.739482	0.334734	1.99062	0.40591	0.217875	0.894323	1.36447	0.367936	1.02743	2.94157	0.715643
1835	-545.9649	-557.8292	11.86423	0.0003088811	0.973997	0.0260028	0.5	0.5	0.737676	0.333916	1.98576	0.404919	0.217343	0.892139	1.36114	0.393909	1.02492	2.93439	0.713895
1840	-558.277	-571.5971	13.3201	0.0003088811	0.951706	0.0482944	0.5	0.5	0.803038	0.645198	2.16171	0.420784	0.236601	0.971187	1.48174	0.77178	0.918203	1.19723	1.39252
1845	-563.0847	-576.4665	13.38176	0.000318366	0.965114	0.0348858	0.5	0.5	0.844773	0.67873	2.27406	0.442652	0.248897	1.02166	1.55875	0.81189	0.965923	1.25945	0.893211
1850	-542.0671	-555.8407	13.77362	0.0003721416	0.985257	0.0147433	0.5	0.5	0.869987	0.698988	1.08053	0.455864	0.256326	1.05215	1.60528	1.34932	0.994753	1.20361	1.43318
1855	-550.0877	-563.7443	13.65661	0.0002807778	0.973468	0.0265321	0.5	0.5	1.6768	0.657484	1.01637	0.428796	0.241106	0.91472	1.41206	1.2692	0.935686	1.13214	1.31564
1860	-558.5534	-571.9272	13.37379	0.0002296016	0.958367	0.0416327	0.5	0.5	1.51564	0.594293	0.918686	0.387584	0.217933	1.88402	1.27634	1.14722	0.845757	1.02333	1.18919
1865	-557.0935	-570.7429	13.64946	0.0003666354	0.960077	0.0399227	0.5	0.5	1.6742	0.656464	1.01479	0.428131	0.240732	0.930357	1.40987	1.26724	0.934236	1.13039	1.3136
1870	-550.0611	-563.9017	13.84061	0.0002198947	0.973883	0.0261173	0.5	0.5	0.89728	0.711153	1.09933	0.463798	0.260787	1.00786	1.52732	1.37281	1.01207	1.22456	1.42303
1875	-549.8941	-563.6388	13.74469	0.0003676465	0.97869	0.02131	0.5	0.5	1.57812	0.699451	1.08124	0.456166	0.256496	0.991279	1.50219	0.835624	0.995412	1.20441	1.39962
1880	-556.9842	-570.3355	13.35132	0.0003372326	0.977046	0.0229541	0.5	0.5	1.32971	0.647134	0.91105	0.384363	0.216122	1.32367	1.71718	0.704092	1.57254	1.01483	1.17931
1885	-542.8507	-556.3099	13.45924	0.0003419892	0.980702	0.0192977	0.5	0.5	1.46693	0.485615	1.00507	0.424028	0.238425	1.46028	1.24922	0.776753	1.50191	1.09076	1.30101
1890	-549.5873	-563.1317	13.54441	0.0003061171	0.959344	0.0406557	0.5	0.5	1.43734	0.494307	0.984793	0.415474	0.262433	1.43082	1.22402	0.761083	1.47161	1.24336	1.27476
1895	-545.8661	-559.616	13.74996	0.0003014024	0.971326	0.0286738	0.5	0.5	1.52321	1.02266	1.04362	0.440294	0.27811	0.628208	1.29714	0.806549	1.55953	1.31763	1.08305
1900	-553.8118	-567.3873	13.57549	0.0003014024	0.979236	0.0207643	0.5	0.5	1.94592	0.630709	1.04801	0.442146	0.27928	0.630851	1.3026	1.33568	1.07939	1.32318	0.982251
1905	-553.2859	-567.0054	13.71953	0.0002444463	0.966902	0.0330979	0.5	0.5	2.01363	0.652656	1.08448	0.858652	0.288998	0.736481	1.34792	0.514586	1.11695	1.36922	1.01643
1910	-542.7709	-556.6594	13.8885	0.0003683341	0.982769	0.0172314	0.5	0.5	1.94408	0.630112	1.04702	0.828993	0.279016	0.711043	1.30136	0.876762	1.07837	1.32192	0.981322
1915	-557.7291	-571.7628	14.03369	0.0003695033	0.962461	0.0375385	0.5	0.5	1.35153	0.646095	1.44784	0.85002	0.274682	0.729078	1.33437	0.899	1.10572	1.35545	1.00621
1920	-549.9137	-563.8624	13.9487	0.0003051505	0.977867	0.022133	0.5	0.5	1.39672	0.667698	1.49625	0.878442	0.283867	0.753456	1.37899	0.625909	1.07804	1.40078	1.03986
1925	-550.1727	-564.2182	14.04547	0.0003315177	0.972579	0.0274207	0.5	0.5	1.31541	0.820515	1.40915	0.827305	0.267342	1.2123	1.24467	0.589472	1.01528	1.31923	0.979323
1930	-554.1675	-568.0201	13.85262	0.0002615397	0.974268	0.0257318	0.5	0.5	1.24373	0.775804	1.51113	0.782224	0.252774	1.14624	1.17684	0.557351	0.95996	1.66798	0.925958
1935	-549.9865	-563.4633	13.47681	0.0002659195	0.971512	0.0284882	0.5	0.5	1.145	0.706288	1.37573	0.712132	0.230124	1.04353	2.04434	0.507409	0.873942	1.51852	0.842987
1940	-547.1202	-560.6715	13.55132	0.0004362345	0.975594	0.0244056	0.5	0.5	1.17156	0.722668	1.04668	0.834482	0.235461	1.06774	2.09175	0.519177	0.894211	1.55374	0.862538
1945	-547.8315	-560.8588	13.02721	0.000357159	0.984736	0.0152636	0.5	0.5	1.08188	0.667348	1.26152	0.322851	0.385902	0.986	1.73088	0.447415	0.825759	2.49395	0.79651
1950	-551.0499	-564.8957	13.84579	0.0002712361	0.956109	0.0438913	0.5	0.5	1.24556	0.768313	1.45237	0.371697	0.444286	1.13517	1.5275	0.56895	0.95069	1.61845	0.917016
1955	-551.5791	-565.3735	13.79434	0.000288039	0.958094	0.0419058	0.5	0.5	1.16883	0.781482	1.02502	0.378068	0.451901	1.15463	1.91546	0.578702	0.966985	1.64619	0.932735
1960	-550.4606	-564.2027	13.74205	0.0002826938	0.969779	0.0302211	0.5	0.5	1.18847	0.794615	1.04225	0.384421	0.459495	1.17404	1.94765	0.588427	0.758252	1.71398	0.948409
1965	-549.6007	-563.1059	13.50521	0.000342977	0.980879	0.0191209	0.5	0.5	1.14219	0.763675	1.00167	0.369453	0.441604	1.12832	2.30012	0.565515	0.728728	1.64725	0.911481
1970	-550.813	-564.0533	13.24035	0.0003786792	0.964905	0.0350945	0.5	0.5	1.08541	0.725711	0.95187	0.351086	0.419651	1.07223	2.18577	0.537402	0.692501	2.1122	0.866169
1975	-546.5944	-559.4454	12.85109	0.0002859221	0.976142	0.0238579	0.5	0.5	1.07835	0.367857	0.945674	0.348801	0.416919	1.47603	2.17154	0.533904	0.701946	2.09845	0.86053
1980	-547.389	-560.7674	13.3784	0.0003606774	0.970814	0.0291858	0.5	0.5	1.43012	0.487859	1.25417	0.462586	0.552925	0.653448	0.903887	0.708073	0.930934	2.783	0.832997
1985	-547.4487	-560.8736	13.42492	0.0003606774	0.969333	0.030667	0.5	0.5	1.37016	0.467404	1.20159	0.443191	0.529743	1.02757	0.865989	0.678385	0.891903	2.72599	0.798072
1990	-542.0484	-555.6101	13.56172	0.0002708188	0.96914	0.0308598	0.5	0.5	1.30795	0.446181	1.15362	0.509824	0.505689	0.980916	1.357	0.647582	0.851405	2.478	0.761834
1995	-552.7426	-566.3599	13.61734	0.0002708188	0.954599	0.0454012	0.5	0.5	1.10464	0.452004	1.16867	0.516477	0.512288	0.993716	1.37471	0.656033	0.862515	2.51034	0.848607
2000	-557.5999	-571.4487	13.84873	0.0002708188	0.957376	0.0426241	0.5	0.5	1.16433	0.423096	1.23182	0.544384	0.539969	1.04741	1.44899	0.69148	0.909119	2.10495	0.89446
